d:\users\itzov\desktop\escolinha\3rd\agpt\box2dclass\box2dclass\x64\debug\vc143.pdb
d:\users\itzov\desktop\escolinha\3rd\agpt\box2dclass\box2dclass\x64\debug\vc143.idb
d:\users\itzov\desktop\escolinha\3rd\agpt\box2dclass\box2dclass\x64\debug\texturehandler.obj
d:\users\itzov\desktop\escolinha\3rd\agpt\box2dclass\box2dclass\x64\debug\gameloop.obj
d:\users\itzov\desktop\escolinha\3rd\agpt\box2dclass\box2dclass\x64\debug\sdlwrapper.obj
d:\users\itzov\desktop\escolinha\3rd\agpt\box2dclass\box2dclass\x64\debug\playercontrolledentity.obj
d:\users\itzov\desktop\escolinha\3rd\agpt\box2dclass\box2dclass\x64\debug\mainengine.obj
d:\users\itzov\desktop\escolinha\3rd\agpt\box2dclass\box2dclass\x64\debug\initerror.obj
d:\users\itzov\desktop\escolinha\3rd\agpt\box2dclass\box2dclass\x64\debug\entity.obj
d:\users\itzov\desktop\escolinha\3rd\agpt\box2dclass\box2dclass\x64\debug\controlledentity.obj
d:\users\itzov\desktop\escolinha\3rd\agpt\box2dclass\box2dclass\x64\debug\bulletentity.obj
d:\users\itzov\desktop\escolinha\3rd\agpt\box2dclass\box2dclass\x64\debug\backgroundentity.obj
d:\users\itzov\desktop\escolinha\3rd\agpt\box2dclass\box2dclass\x64\debug\box2dclass.ilk
d:\users\itzov\desktop\escolinha\3rd\agpt\box2dclass\x64\debug\box2dclass.exe
d:\users\itzov\desktop\escolinha\3rd\agpt\box2dclass\x64\debug\box2dclass.pdb
d:\users\itzov\desktop\escolinha\3rd\agpt\box2dclass\box2dclass\x64\debug\box2dclass.tlog\cl.command.1.tlog
d:\users\itzov\desktop\escolinha\3rd\agpt\box2dclass\box2dclass\x64\debug\box2dclass.tlog\cl.read.1.tlog
d:\users\itzov\desktop\escolinha\3rd\agpt\box2dclass\box2dclass\x64\debug\box2dclass.tlog\cl.write.1.tlog
d:\users\itzov\desktop\escolinha\3rd\agpt\box2dclass\box2dclass\x64\debug\box2dclass.tlog\link.command.1.tlog
d:\users\itzov\desktop\escolinha\3rd\agpt\box2dclass\box2dclass\x64\debug\box2dclass.tlog\link.read.1.tlog
d:\users\itzov\desktop\escolinha\3rd\agpt\box2dclass\box2dclass\x64\debug\box2dclass.tlog\link.write.1.tlog
